<?xml version="1.0" encoding="UTF-8"?>
<testsuite xmlns:xsi="http://www.w3.org/2001/XMLSchema-instance" xsi:noNamespaceSchemaLocation="https://maven.apache.org/surefire/maven-surefire-plugin/xsd/surefire-test-report.xsd" name="xyz.gianlu.librespot.api.UndertowTest" time="0.392" tests="1" errors="0" skipped="0" failures="0">
  <properties>
    <property name="java.specification.version" value="18"/>
    <property name="sun.cpu.isalist" value="amd64"/>
    <property name="sun.jnu.encoding" value="Cp1252"/>
    <property name="java.class.path" value="F:\SpotifyXP\deps\librespot-java\api\target\test-classes;F:\SpotifyXP\deps\librespot-java\api\target\classes;F:\SpotifyXP\deps\librespot-java\player\target\librespot-player-1.6.3-SNAPSHOT.jar;F:\SpotifyXP\deps\librespot-java\lib\target\librespot-lib-1.6.3-SNAPSHOT.jar;F:\SpotifyXP\deps\librespot-java\decoder-api\target\librespot-decoder-api-1.6.3-SNAPSHOT.jar;C:\Users\gianl\.m2\repository\org\jcraft\jorbis\0.0.17\jorbis-0.0.17.jar;C:\Users\gianl\.m2\repository\com\badlogicgames\jlayer\jlayer\1.0.2-gdx\jlayer-1.0.2-gdx.jar;C:\Users\gianl\.m2\repository\com\google\protobuf\protobuf-java\3.19.4\protobuf-java-3.19.4.jar;C:\Users\gianl\.m2\repository\com\google\code\gson\gson\2.9.0\gson-2.9.0.jar;C:\Users\gianl\.m2\repository\xyz\gianlu\zeroconf\zeroconf\1.3.2\zeroconf-1.3.2.jar;C:\Users\gianl\.m2\repository\com\squareup\okhttp3\okhttp\4.9.3\okhttp-4.9.3.jar;C:\Users\gianl\.m2\repository\com\squareup\okio\okio\2.8.0\okio-2.8.0.jar;C:\Users\gianl\.m2\repository\org\jetbrains\kotlin\kotlin-stdlib-common\1.4.0\kotlin-stdlib-common-1.4.0.jar;C:\Users\gianl\.m2\repository\org\jetbrains\kotlin\kotlin-stdlib\1.4.10\kotlin-stdlib-1.4.10.jar;C:\Users\gianl\.m2\repository\commons-net\commons-net\3.8.0\commons-net-3.8.0.jar;F:\SpotifyXP\deps\librespot-java\sink-api\target\librespot-sink-api-1.6.3-SNAPSHOT.jar;C:\Users\gianl\.m2\repository\org\slf4j\slf4j-api\1.7.36\slf4j-api-1.7.36.jar;C:\Users\gianl\.m2\repository\com\electronwill\night-config\toml\3.6.5\toml-3.6.5.jar;C:\Users\gianl\.m2\repository\com\electronwill\night-config\core\3.6.5\core-3.6.5.jar;F:\SpotifyXP\deps\librespot-java\sink\target\librespot-sink-1.6.3-SNAPSHOT.jar;F:\SpotifyXP\deps\librespot-java\dacp\target\librespot-dacp-1.6.3-SNAPSHOT.jar;C:\Users\gianl\.m2\repository\org\apache\logging\log4j\log4j-api\2.17.1\log4j-api-2.17.1.jar;C:\Users\gianl\.m2\repository\org\apache\logging\log4j\log4j-core\2.17.1\log4j-core-2.17.1.jar;C:\Users\gianl\.m2\repository\org\apache\logging\log4j\log4j-slf4j-impl\2.17.1\log4j-slf4j-impl-2.17.1.jar;C:\Users\gianl\.m2\repository\com\lmax\disruptor\3.4.4\disruptor-3.4.4.jar;C:\Users\gianl\.m2\repository\io\undertow\undertow-core\2.2.16.Final\undertow-core-2.2.16.Final.jar;C:\Users\gianl\.m2\repository\org\jboss\logging\jboss-logging\3.4.1.Final\jboss-logging-3.4.1.Final.jar;C:\Users\gianl\.m2\repository\org\jboss\xnio\xnio-api\3.8.6.Final\xnio-api-3.8.6.Final.jar;C:\Users\gianl\.m2\repository\org\wildfly\common\wildfly-common\1.5.4.Final\wildfly-common-1.5.4.Final.jar;C:\Users\gianl\.m2\repository\org\wildfly\client\wildfly-client-config\1.0.1.Final\wildfly-client-config-1.0.1.Final.jar;C:\Users\gianl\.m2\repository\org\jboss\xnio\xnio-nio\3.8.6.Final\xnio-nio-3.8.6.Final.jar;C:\Users\gianl\.m2\repository\org\jboss\threads\jboss-threads\3.1.0.Final\jboss-threads-3.1.0.Final.jar;C:\Users\gianl\.m2\repository\org\jetbrains\annotations\23.0.0\annotations-23.0.0.jar;C:\Users\gianl\.m2\repository\org\junit\jupiter\junit-jupiter\5.8.2\junit-jupiter-5.8.2.jar;C:\Users\gianl\.m2\repository\org\junit\jupiter\junit-jupiter-api\5.8.2\junit-jupiter-api-5.8.2.jar;C:\Users\gianl\.m2\repository\org\opentest4j\opentest4j\1.2.0\opentest4j-1.2.0.jar;C:\Users\gianl\.m2\repository\org\junit\platform\junit-platform-commons\1.8.2\junit-platform-commons-1.8.2.jar;C:\Users\gianl\.m2\repository\org\apiguardian\apiguardian-api\1.1.2\apiguardian-api-1.1.2.jar;C:\Users\gianl\.m2\repository\org\junit\jupiter\junit-jupiter-params\5.8.2\junit-jupiter-params-5.8.2.jar;C:\Users\gianl\.m2\repository\org\junit\jupiter\junit-jupiter-engine\5.8.2\junit-jupiter-engine-5.8.2.jar;C:\Users\gianl\.m2\repository\org\junit\platform\junit-platform-engine\1.8.2\junit-platform-engine-1.8.2.jar;"/>
    <property name="java.vm.vendor" value="Oracle Corporation"/>
    <property name="sun.arch.data.model" value="64"/>
    <property name="user.variant" value=""/>
    <property name="java.vendor.url" value="https://java.oracle.com/"/>
    <property name="user.timezone" value="Europe/Berlin"/>
    <property name="os.name" value="Windows 10"/>
    <property name="java.vm.specification.version" value="18"/>
    <property name="sun.java.launcher" value="SUN_STANDARD"/>
    <property name="user.country" value="DE"/>
    <property name="sun.boot.library.path" value="C:\Program Files\Java\jdk-18.0.1.1\bin"/>
    <property name="sun.java.command" value="C:\Users\gianl\AppData\Local\Temp\surefire3248969190054071836\surefirebooter17847549807750895569.jar C:\Users\gianl\AppData\Local\Temp\surefire3248969190054071836 2023-02-20T15-03-50_036-jvmRun1 surefire8908966582589664256tmp surefire_113736009732975617518tmp"/>
    <property name="jdk.debug" value="release"/>
    <property name="surefire.test.class.path" value="F:\SpotifyXP\deps\librespot-java\api\target\test-classes;F:\SpotifyXP\deps\librespot-java\api\target\classes;F:\SpotifyXP\deps\librespot-java\player\target\librespot-player-1.6.3-SNAPSHOT.jar;F:\SpotifyXP\deps\librespot-java\lib\target\librespot-lib-1.6.3-SNAPSHOT.jar;F:\SpotifyXP\deps\librespot-java\decoder-api\target\librespot-decoder-api-1.6.3-SNAPSHOT.jar;C:\Users\gianl\.m2\repository\org\jcraft\jorbis\0.0.17\jorbis-0.0.17.jar;C:\Users\gianl\.m2\repository\com\badlogicgames\jlayer\jlayer\1.0.2-gdx\jlayer-1.0.2-gdx.jar;C:\Users\gianl\.m2\repository\com\google\protobuf\protobuf-java\3.19.4\protobuf-java-3.19.4.jar;C:\Users\gianl\.m2\repository\com\google\code\gson\gson\2.9.0\gson-2.9.0.jar;C:\Users\gianl\.m2\repository\xyz\gianlu\zeroconf\zeroconf\1.3.2\zeroconf-1.3.2.jar;C:\Users\gianl\.m2\repository\com\squareup\okhttp3\okhttp\4.9.3\okhttp-4.9.3.jar;C:\Users\gianl\.m2\repository\com\squareup\okio\okio\2.8.0\okio-2.8.0.jar;C:\Users\gianl\.m2\repository\org\jetbrains\kotlin\kotlin-stdlib-common\1.4.0\kotlin-stdlib-common-1.4.0.jar;C:\Users\gianl\.m2\repository\org\jetbrains\kotlin\kotlin-stdlib\1.4.10\kotlin-stdlib-1.4.10.jar;C:\Users\gianl\.m2\repository\commons-net\commons-net\3.8.0\commons-net-3.8.0.jar;F:\SpotifyXP\deps\librespot-java\sink-api\target\librespot-sink-api-1.6.3-SNAPSHOT.jar;C:\Users\gianl\.m2\repository\org\slf4j\slf4j-api\1.7.36\slf4j-api-1.7.36.jar;C:\Users\gianl\.m2\repository\com\electronwill\night-config\toml\3.6.5\toml-3.6.5.jar;C:\Users\gianl\.m2\repository\com\electronwill\night-config\core\3.6.5\core-3.6.5.jar;F:\SpotifyXP\deps\librespot-java\sink\target\librespot-sink-1.6.3-SNAPSHOT.jar;F:\SpotifyXP\deps\librespot-java\dacp\target\librespot-dacp-1.6.3-SNAPSHOT.jar;C:\Users\gianl\.m2\repository\org\apache\logging\log4j\log4j-api\2.17.1\log4j-api-2.17.1.jar;C:\Users\gianl\.m2\repository\org\apache\logging\log4j\log4j-core\2.17.1\log4j-core-2.17.1.jar;C:\Users\gianl\.m2\repository\org\apache\logging\log4j\log4j-slf4j-impl\2.17.1\log4j-slf4j-impl-2.17.1.jar;C:\Users\gianl\.m2\repository\com\lmax\disruptor\3.4.4\disruptor-3.4.4.jar;C:\Users\gianl\.m2\repository\io\undertow\undertow-core\2.2.16.Final\undertow-core-2.2.16.Final.jar;C:\Users\gianl\.m2\repository\org\jboss\logging\jboss-logging\3.4.1.Final\jboss-logging-3.4.1.Final.jar;C:\Users\gianl\.m2\repository\org\jboss\xnio\xnio-api\3.8.6.Final\xnio-api-3.8.6.Final.jar;C:\Users\gianl\.m2\repository\org\wildfly\common\wildfly-common\1.5.4.Final\wildfly-common-1.5.4.Final.jar;C:\Users\gianl\.m2\repository\org\wildfly\client\wildfly-client-config\1.0.1.Final\wildfly-client-config-1.0.1.Final.jar;C:\Users\gianl\.m2\repository\org\jboss\xnio\xnio-nio\3.8.6.Final\xnio-nio-3.8.6.Final.jar;C:\Users\gianl\.m2\repository\org\jboss\threads\jboss-threads\3.1.0.Final\jboss-threads-3.1.0.Final.jar;C:\Users\gianl\.m2\repository\org\jetbrains\annotations\23.0.0\annotations-23.0.0.jar;C:\Users\gianl\.m2\repository\org\junit\jupiter\junit-jupiter\5.8.2\junit-jupiter-5.8.2.jar;C:\Users\gianl\.m2\repository\org\junit\jupiter\junit-jupiter-api\5.8.2\junit-jupiter-api-5.8.2.jar;C:\Users\gianl\.m2\repository\org\opentest4j\opentest4j\1.2.0\opentest4j-1.2.0.jar;C:\Users\gianl\.m2\repository\org\junit\platform\junit-platform-commons\1.8.2\junit-platform-commons-1.8.2.jar;C:\Users\gianl\.m2\repository\org\apiguardian\apiguardian-api\1.1.2\apiguardian-api-1.1.2.jar;C:\Users\gianl\.m2\repository\org\junit\jupiter\junit-jupiter-params\5.8.2\junit-jupiter-params-5.8.2.jar;C:\Users\gianl\.m2\repository\org\junit\jupiter\junit-jupiter-engine\5.8.2\junit-jupiter-engine-5.8.2.jar;C:\Users\gianl\.m2\repository\org\junit\platform\junit-platform-engine\1.8.2\junit-platform-engine-1.8.2.jar;"/>
    <property name="sun.cpu.endian" value="little"/>
    <property name="user.home" value="C:\Users\gianl"/>
    <property name="user.language" value="de"/>
    <property name="java.specification.vendor" value="Oracle Corporation"/>
    <property name="java.version.date" value="2022-04-22"/>
    <property name="java.home" value="C:\Program Files\Java\jdk-18.0.1.1"/>
    <property name="file.separator" value="\"/>
    <property name="basedir" value="F:\SpotifyXP\deps\librespot-java\api"/>
    <property name="java.vm.compressedOopsMode" value="Zero based"/>
    <property name="line.separator" value="&#10;"/>
    <property name="java.vm.specification.vendor" value="Oracle Corporation"/>
    <property name="java.specification.name" value="Java Platform API Specification"/>
    <property name="surefire.real.class.path" value="C:\Users\gianl\AppData\Local\Temp\surefire3248969190054071836\surefirebooter17847549807750895569.jar"/>
    <property name="user.script" value=""/>
    <property name="sun.management.compiler" value="HotSpot 64-Bit Tiered Compilers"/>
    <property name="java.runtime.version" value="18.0.1.1+2-6"/>
    <property name="user.name" value="gianl"/>
    <property name="path.separator" value=";"/>
    <property name="os.version" value="10.0"/>
    <property name="java.runtime.name" value="Java(TM) SE Runtime Environment"/>
    <property name="file.encoding" value="UTF-8"/>
    <property name="java.vm.name" value="Java HotSpot(TM) 64-Bit Server VM"/>
    <property name="localRepository" value="C:\Users\gianl\.m2\repository"/>
    <property name="java.vendor.url.bug" value="https://bugreport.java.com/bugreport/"/>
    <property name="java.io.tmpdir" value="C:\Users\gianl\AppData\Local\Temp\"/>
    <property name="java.version" value="18.0.1.1"/>
    <property name="user.dir" value="F:\SpotifyXP\deps\librespot-java\api"/>
    <property name="os.arch" value="amd64"/>
    <property name="java.vm.specification.name" value="Java Virtual Machine Specification"/>
    <property name="sun.os.patch.level" value=""/>
    <property name="native.encoding" value="Cp1252"/>
    <property name="java.library.path" value="C:\Program Files\Java\jdk-18.0.1.1\bin;C:\Windows\Sun\Java\bin;C:\Windows\system32;C:\Windows;F:\Oculus\Support\oculus-runtime;C:\Program Files\ImageMagick-7.1.0-Q16-HDRI;C:\Program Files\Common Files\Oracle\Java\javapath;c:\devkitPro\msys2\usr\bin;C:\Program Files (x86)\VMware\VMware Workstation\bin\;C:\Windows\system32;C:\Windows;C:\Windows\System32\Wbem;C:\Windows\System32\WindowsPowerShell\v1.0\;C:\Windows\System32\OpenSSH\;C:\Program Files\dotnet\;C:\Program Files\Git\cmd;C:\Program Files\nodejs\;C:\Program Files\Go\bin;C:\Program Files (x86)\AOMEI\AOMEI Backupper\6.9.2;C:\Program Files (x86)\dotnet\;C:\Program Files\CMake\bin;C:\Program Files\Microsoft SQL Server\150\Tools\Binn\;C:\Program Files\Microsoft SQL Server\Client SDK\ODBC\170\Tools\Binn\;C:\Program Files\Cloudflare\Cloudflare WARP\;C:\Users\gianl\.cargo\bin;C:\Users\gianl\AppData\Local\Programs\Python\Python310\Scripts\;C:\Users\gianl\AppData\Local\Programs\Python\Python310\;C:\Users\gianl\AppData\Local\Microsoft\WindowsApps;C:\Users\gianl\.dotnet\tools;C:\Users\gianl\AppData\Local\Programs\Microsoft VS Code\bin;C:\Users\gianl\AppData\Local\GitHubDesktop\bin;F:\ffmpeg\bin;F:\MandisHomebrew\libav-11.3-win64\win64\usr\bin;C:\Users\gianl\AppData\Local\bin\NASM;C:\Users\gianl\Downloads\i686-elf-tools-windows\bin;C:\Users\gianl\AppData\Roaming\npm;C:\Users\gianl\AppData\Local\Citra\canary-mingw;C:\msys64;C:\msys64\mingw64\bin;C:\Users\gianl\go\bin;C:\Users\gianl\libimobiledevice-windows;G:\QEMU;D:\vcpkg;C:\Users\gianl\AppData\Local\atom\bin;C:\electron;C:\Program Files (x86)\Brackets\;C:\platform-tools;C:\Program Files\Oracle\VirtualBox;C:\apache-maven-3.9.0\bin;;."/>
    <property name="java.vm.info" value="mixed mode, sharing"/>
    <property name="java.vendor" value="Oracle Corporation"/>
    <property name="java.vm.version" value="18.0.1.1+2-6"/>
    <property name="sun.io.unicode.encoding" value="UnicodeLittle"/>
    <property name="java.class.version" value="62.0"/>
  </properties>
  <testcase name="shouldRespondWithCorsHeaders" classname="xyz.gianlu.librespot.api.UndertowTest" time="0.392"/>
</testsuite>